-------------------------------------------------------------------------------
Test set: com.codewithme.blog.ApplicationTests
-------------------------------------------------------------------------------
Tests run: 1, Failures: 0, Errors: 1, Skipped: 0, Time elapsed: 0.699 s <<< FAILURE! - in com.codewithme.blog.ApplicationTests
com.codewithme.blog.ApplicationTests  Time elapsed: 0.698 s  <<< ERROR!
java.lang.IllegalStateException: Unable to find a @SpringBootConfiguration, you need to use @ContextConfiguration or @SpringBootTest(classes=...) with your test

